{
  "stats": {
    "suites": 1,
    "tests": 4,
    "passes": 4,
    "pending": 0,
    "failures": 0,
    "start": "2023-01-19T22:30:56.494Z",
    "end": "2023-01-19T22:31:04.827Z",
    "duration": 8333,
    "testsRegistered": 4,
    "passPercent": 100,
    "pendingPercent": 0,
    "other": 0,
    "hasOther": false,
    "skipped": 0,
    "hasSkipped": false
  },
  "results": [
    {
      "uuid": "ec4aa46b-e403-4165-bd55-c83efb76105a",
      "title": "",
      "fullFile": "cypress\\e2e\\integrations\\test1.spec.js",
      "file": "cypress\\e2e\\integrations\\test1.spec.js",
      "beforeHooks": [],
      "afterHooks": [],
      "tests": [],
      "suites": [
        {
          "uuid": "4b4ec18f-a635-4c12-bd66-a309d2d66d55",
          "title": "Verify Browser Stack Home Page",
          "fullFile": "",
          "file": "",
          "beforeHooks": [],
          "afterHooks": [],
          "tests": [
            {
              "title": "Verify Browserstack logo is visible",
              "fullTitle": "Verify Browser Stack Home Page Verify Browserstack logo is visible",
              "timedOut": null,
              "duration": 2520,
              "state": "passed",
              "speed": "fast",
              "pass": true,
              "fail": false,
              "pending": false,
              "context": null,
              "code": "cy.get(\"#logo\").should(\"be.visible\");",
              "err": {},
              "uuid": "bda6e2ab-e1af-4312-ad7f-acfbeefbf9df",
              "parentUUID": "4b4ec18f-a635-4c12-bd66-a309d2d66d55",
              "isHook": false,
              "skipped": false
            },
            {
              "title": "Verify Header is present",
              "fullTitle": "Verify Browser Stack Home Page Verify Header is present",
              "timedOut": null,
              "duration": 1178,
              "state": "passed",
              "speed": "fast",
              "pass": true,
              "fail": false,
              "pending": false,
              "context": null,
              "code": "cy.get(\"h1\").should('exist').and('contain.text', 'App & Browser Testing Made Easy');",
              "err": {},
              "uuid": "5ff425f3-5067-43cf-8590-adfabae67d90",
              "parentUUID": "4b4ec18f-a635-4c12-bd66-a309d2d66d55",
              "isHook": false,
              "skipped": false
            },
            {
              "title": "Verify Product menu are present",
              "fullTitle": "Verify Browser Stack Home Page Verify Product menu are present",
              "timedOut": null,
              "duration": 1137,
              "state": "passed",
              "speed": "fast",
              "pass": true,
              "fail": false,
              "pending": false,
              "context": null,
              "code": "cy.get(\"#product-menu-toggle\").first().should(\"be.exist\");\ncy.get(\"#developers-menu-toggle\").first().should(\"be.exist\");\ncy.get(\"#developers-menu-toggle\").first().should(\"be.exist\");",
              "err": {},
              "uuid": "c0cb8cad-a99c-4896-92e0-e636f74bef04",
              "parentUUID": "4b4ec18f-a635-4c12-bd66-a309d2d66d55",
              "isHook": false,
              "skipped": false
            },
            {
              "title": "Verify menu Links are present",
              "fullTitle": "Verify Browser Stack Home Page Verify menu Links are present",
              "timedOut": null,
              "duration": 1072,
              "state": "passed",
              "speed": "fast",
              "pass": true,
              "fail": false,
              "pending": false,
              "context": null,
              "code": "cy.get(\"a[title='Pricing']\").first().should(\"be.exist\");\ncy.get(\"a[title='Sign In']\").first().should(\"be.exist\");\ncy.get(\"a[title='Live for Teams']\").first().should(\"be.exist\");",
              "err": {},
              "uuid": "291ff80a-eb41-4457-b00f-f7717ea7fe31",
              "parentUUID": "4b4ec18f-a635-4c12-bd66-a309d2d66d55",
              "isHook": false,
              "skipped": false
            }
          ],
          "suites": [],
          "passes": [
            "bda6e2ab-e1af-4312-ad7f-acfbeefbf9df",
            "5ff425f3-5067-43cf-8590-adfabae67d90",
            "c0cb8cad-a99c-4896-92e0-e636f74bef04",
            "291ff80a-eb41-4457-b00f-f7717ea7fe31"
          ],
          "failures": [],
          "pending": [],
          "skipped": [],
          "duration": 5907,
          "root": false,
          "rootEmpty": false,
          "_timeout": 2000
        }
      ],
      "passes": [],
      "failures": [],
      "pending": [],
      "skipped": [],
      "duration": 0,
      "root": true,
      "rootEmpty": true,
      "_timeout": 2000
    }
  ],
  "meta": {
    "mocha": {
      "version": "7.0.1"
    },
    "mochawesome": {
      "options": {
        "quiet": false,
        "reportFilename": "mochawesome",
        "saveHtml": false,
        "saveJson": true,
        "consoleReporter": "spec",
        "useInlineDiffs": false,
        "code": true
      },
      "version": "7.1.3"
    },
    "marge": {
      "options": {
        "charts": true,
        "reportPageTitle": "Kley Demo Report",
        "embeddedScreenshots": true,
        "inlineAssets": true,
        "saveAllAttempts": false,
        "overwrite": false,
        "html": false,
        "json": true,
        "reportDir": "cypress\\reports\\html\\.jsons"
      },
      "version": "6.2.0"
    }
  }
}